<?xml version="1.0" encoding="UTF-8"?>
<!-- Generated by org.testng.reporters.JUnitReportReporter -->
<testsuite skipped="0" hostname="Rajeev" name="qaclickacademy.RestApiTest" tests="2" failures="0" timestamp="12 Dec 2019 12:00:06 GMT" time="0.000" errors="0">
  <testcase name="Automation" time="0.000" classname="qaclickacademy.RestApiTest"/>
  <testcase name="ementsUi" time="0.000" classname="qaclickacademy.RestApiTest"/>
</testsuite> <!-- qaclickacademy.RestApiTest -->
