<?xml version="1.0" encoding="UTF-8"?>
<!-- Generated by org.testng.reporters.JUnitReportReporter -->
<testsuite skipped="0" hostname="Rajeev" name="qaclickacademy.AppiumTest" tests="2" failures="0" timestamp="12 Dec 2019 12:00:06 GMT" time="0.011" errors="0">
  <testcase name="elements" time="0.000" classname="qaclickacademy.AppiumTest"/>
  <testcase name="Browser" time="0.011" classname="qaclickacademy.AppiumTest"/>
</testsuite> <!-- qaclickacademy.AppiumTest -->
